Build started 4/08/2016 1:03:12 PM.
     1>Project "E:\RSD_Test\RSD_Test\RSD_Test\RSD_Test.vcxproj" on node 2 (build target(s)).
     1>PrepareForBuild:
         Creating directory "E:\RSD_Test\RSD_Test\x64\Debug\".
       InitializeBuildStatus:
         Creating "x64\Debug\RSD_Test.unsuccessfulbuild" because "AlwaysCreate" was specified.
       ClCompile:
         C:\Program Files (x86)\Microsoft Visual Studio 10.0\VC\bin\x86_amd64\CL.exe /c /I"C:\Program Files\opencv\build\\..\..\include" /Zi /nologo /W3 /WX- /Od /D WIN32 /D _DEBUG /D _CONSOLE /D _UNICODE /D UNICODE /Gm /EHsc /RTC1 /MDd /GS /fp:precise /Zc:wchar_t /Zc:forScope /Fo"x64\Debug\\" /Fd"x64\Debug\vc100.pdb" /Gd /TP /errorReport:prompt ..\..\RSD_starter_video.cpp
         RSD_starter_video.cpp
     1>..\..\RSD_starter_video.cpp(22): fatal error C1083: Cannot open include file: 'opencv2/highgui/highgui.hpp': No such file or directory
     1>Done Building Project "E:\RSD_Test\RSD_Test\RSD_Test\RSD_Test.vcxproj" (build target(s)) -- FAILED.

Build FAILED.

Time Elapsed 00:00:00.99
